{"/Volumes/OguzKingston/LOQUS/workplace/3.September/Unit-Testing/jest-github-actions-project/logic.js": {"path":"/Volumes/OguzKingston/LOQUS/workplace/3.September/Unit-Testing/jest-github-actions-project/logic.js","all":false,"statementMap":{"0":{"start":{"line":1,"column":0},"end":{"line":1,"column":0}},"1":{"start":{"line":2,"column":0},"end":{"line":2,"column":40}},"2":{"start":{"line":3,"column":0},"end":{"line":3,"column":28}},"3":{"start":{"line":4,"column":0},"end":{"line":4,"column":43}},"4":{"start":{"line":5,"column":0},"end":{"line":5,"column":5}},"5":{"start":{"line":6,"column":0},"end":{"line":6,"column":0}},"6":{"start":{"line":7,"column":0},"end":{"line":7,"column":38}},"7":{"start":{"line":8,"column":0},"end":{"line":8,"column":41}},"8":{"start":{"line":9,"column":0},"end":{"line":9,"column":5}},"9":{"start":{"line":10,"column":0},"end":{"line":10,"column":0}},"10":{"start":{"line":11,"column":0},"end":{"line":11,"column":70}},"11":{"start":{"line":12,"column":0},"end":{"line":12,"column":47}},"12":{"start":{"line":13,"column":0},"end":{"line":13,"column":5}},"13":{"start":{"line":14,"column":0},"end":{"line":14,"column":0}},"14":{"start":{"line":15,"column":0},"end":{"line":15,"column":26}},"15":{"start":{"line":16,"column":0},"end":{"line":16,"column":2}},"16":{"start":{"line":17,"column":0},"end":{"line":17,"column":0}},"17":{"start":{"line":18,"column":0},"end":{"line":18,"column":45}},"18":{"start":{"line":19,"column":0},"end":{"line":19,"column":28}},"19":{"start":{"line":20,"column":0},"end":{"line":20,"column":43}},"20":{"start":{"line":21,"column":0},"end":{"line":21,"column":5}},"21":{"start":{"line":22,"column":0},"end":{"line":22,"column":0}},"22":{"start":{"line":23,"column":0},"end":{"line":23,"column":38}},"23":{"start":{"line":24,"column":0},"end":{"line":24,"column":41}},"24":{"start":{"line":25,"column":0},"end":{"line":25,"column":5}},"25":{"start":{"line":26,"column":0},"end":{"line":26,"column":0}},"26":{"start":{"line":27,"column":0},"end":{"line":27,"column":70}},"27":{"start":{"line":28,"column":0},"end":{"line":28,"column":45}},"28":{"start":{"line":29,"column":0},"end":{"line":29,"column":5}},"29":{"start":{"line":30,"column":0},"end":{"line":30,"column":0}},"30":{"start":{"line":31,"column":0},"end":{"line":31,"column":26}},"31":{"start":{"line":32,"column":0},"end":{"line":32,"column":2}},"32":{"start":{"line":33,"column":0},"end":{"line":33,"column":0}},"33":{"start":{"line":34,"column":0},"end":{"line":34,"column":46}},"34":{"start":{"line":35,"column":0},"end":{"line":35,"column":28}},"35":{"start":{"line":36,"column":0},"end":{"line":36,"column":43}},"36":{"start":{"line":37,"column":0},"end":{"line":37,"column":5}},"37":{"start":{"line":38,"column":0},"end":{"line":38,"column":0}},"38":{"start":{"line":39,"column":0},"end":{"line":39,"column":38}},"39":{"start":{"line":40,"column":0},"end":{"line":40,"column":41}},"40":{"start":{"line":41,"column":0},"end":{"line":41,"column":5}},"41":{"start":{"line":42,"column":0},"end":{"line":42,"column":0}},"42":{"start":{"line":43,"column":0},"end":{"line":43,"column":70}},"43":{"start":{"line":44,"column":0},"end":{"line":44,"column":45}},"44":{"start":{"line":45,"column":0},"end":{"line":45,"column":5}},"45":{"start":{"line":46,"column":0},"end":{"line":46,"column":0}},"46":{"start":{"line":47,"column":0},"end":{"line":47,"column":26}},"47":{"start":{"line":48,"column":0},"end":{"line":48,"column":2}},"48":{"start":{"line":49,"column":0},"end":{"line":49,"column":0}},"49":{"start":{"line":50,"column":0},"end":{"line":50,"column":18}},"50":{"start":{"line":51,"column":0},"end":{"line":51,"column":15}},"51":{"start":{"line":52,"column":0},"end":{"line":52,"column":2}}},"s":{"0":1,"1":1,"2":4,"3":2,"4":2,"5":2,"6":4,"7":0,"8":0,"9":2,"10":4,"11":1,"12":1,"13":1,"14":1,"15":1,"16":1,"17":1,"18":0,"19":0,"20":0,"21":0,"22":0,"23":0,"24":0,"25":0,"26":0,"27":0,"28":0,"29":0,"30":0,"31":0,"32":1,"33":1,"34":0,"35":0,"36":0,"37":0,"38":0,"39":0,"40":0,"41":0,"42":0,"43":0,"44":0,"45":0,"46":0,"47":0,"48":1,"49":1,"50":1,"51":1},"branchMap":{"0":{"type":"branch","line":2,"loc":{"start":{"line":2,"column":20},"end":{"line":16,"column":2}},"locations":[{"start":{"line":2,"column":20},"end":{"line":16,"column":2}}]},"1":{"type":"branch","line":3,"loc":{"start":{"line":3,"column":14},"end":{"line":3,"column":25}},"locations":[{"start":{"line":3,"column":14},"end":{"line":3,"column":25}}]},"2":{"type":"branch","line":3,"loc":{"start":{"line":3,"column":27},"end":{"line":7,"column":35}},"locations":[{"start":{"line":3,"column":27},"end":{"line":7,"column":35}}]},"3":{"type":"branch","line":7,"loc":{"start":{"line":7,"column":37},"end":{"line":9,"column":5}},"locations":[{"start":{"line":7,"column":37},"end":{"line":9,"column":5}}]},"4":{"type":"branch","line":9,"loc":{"start":{"line":9,"column":4},"end":{"line":11,"column":39}},"locations":[{"start":{"line":9,"column":4},"end":{"line":11,"column":39}}]},"5":{"type":"branch","line":11,"loc":{"start":{"line":11,"column":35},"end":{"line":11,"column":67}},"locations":[{"start":{"line":11,"column":35},"end":{"line":11,"column":67}}]},"6":{"type":"branch","line":11,"loc":{"start":{"line":11,"column":69},"end":{"line":16,"column":2}},"locations":[{"start":{"line":11,"column":69},"end":{"line":16,"column":2}}]}},"b":{"0":[4],"1":[3],"2":[2],"3":[0],"4":[2],"5":[1],"6":[1]},"fnMap":{"0":{"name":"sumPositive","decl":{"start":{"line":2,"column":20},"end":{"line":16,"column":2}},"loc":{"start":{"line":2,"column":20},"end":{"line":16,"column":2}},"line":2},"1":{"name":"multiplyPositive","decl":{"start":{"line":18,"column":25},"end":{"line":32,"column":2}},"loc":{"start":{"line":18,"column":25},"end":{"line":32,"column":2}},"line":18},"2":{"name":"multiplyPositive2","decl":{"start":{"line":34,"column":26},"end":{"line":48,"column":2}},"loc":{"start":{"line":34,"column":26},"end":{"line":48,"column":2}},"line":34}},"f":{"0":4,"1":0,"2":0}}
}
